selene_android/app/build/intermediates/manifest_merge_blame_file/debug/processDebugMainManifest/manifest-merger-blame-debug-report.txt
1<?xml version="1.0" encoding="utf-8"?>
2<manifest xmlns:android="http://schemas.android.com/apk/res/android"
3    package="com.selene.android.debug"
4    android:versionCode="1"
5    android:versionName="1.0.0-debug" >
6
7    <uses-sdk
8        android:minSdkVersion="26"
9        android:targetSdkVersion="35" />
10
11    <!-- Rede -->
12    <uses-permission android:name="android.permission.INTERNET" />
12-->src\main\AndroidManifest.xml:6:5-67
12-->src\main\AndroidManifest.xml:6:22-64
13    <uses-permission android:name="android.permission.ACCESS_NETWORK_STATE" />
13-->src\main\AndroidManifest.xml:7:5-79
13-->src\main\AndroidManifest.xml:7:22-76
14
15    <!-- Microfone e câmera -->
16    <uses-permission android:name="android.permission.RECORD_AUDIO" />
16-->src\main\AndroidManifest.xml:10:5-71
16-->src\main\AndroidManifest.xml:10:22-68
17    <uses-permission android:name="android.permission.CAMERA" />
17-->src\main\AndroidManifest.xml:11:5-65
17-->src\main\AndroidManifest.xml:11:22-62
18    <uses-permission android:name="android.permission.MODIFY_AUDIO_SETTINGS" />
18-->src\main\AndroidManifest.xml:12:5-80
18-->src\main\AndroidManifest.xml:12:22-77
19
20    <!-- Features declaradas (não obrigatórias — app pode rodar sem câmera) -->
21    <uses-feature
21-->src\main\AndroidManifest.xml:15:5-93
22        android:name="android.hardware.camera"
22-->src\main\AndroidManifest.xml:15:19-57
23        android:required="false" />
23-->src\main\AndroidManifest.xml:15:66-90
24    <uses-feature
24-->src\main\AndroidManifest.xml:16:5-93
25        android:name="android.hardware.camera.front"
25-->src\main\AndroidManifest.xml:16:19-63
26        android:required="false" />
26-->src\main\AndroidManifest.xml:16:66-90
27    <uses-feature
27-->src\main\AndroidManifest.xml:17:5-93
28        android:name="android.hardware.microphone"
28-->src\main\AndroidManifest.xml:17:19-61
29        android:required="false" />
29-->src\main\AndroidManifest.xml:17:66-90
30
31    <permission
31-->[androidx.core:core:1.13.1] AndroidManifest.xml:22:5-24:47
32        android:name="com.selene.android.debug.DYNAMIC_RECEIVER_NOT_EXPORTED_PERMISSION"
32-->[androidx.core:core:1.13.1] AndroidManifest.xml:23:9-81
33        android:protectionLevel="signature" />
33-->[androidx.core:core:1.13.1] AndroidManifest.xml:24:9-44
34
35    <uses-permission android:name="com.selene.android.debug.DYNAMIC_RECEIVER_NOT_EXPORTED_PERMISSION" />
35-->[androidx.core:core:1.13.1] AndroidManifest.xml:26:5-97
35-->[androidx.core:core:1.13.1] AndroidManifest.xml:26:22-94
36
37    <application
37-->src\main\AndroidManifest.xml:19:5-41:19
38        android:allowBackup="true"
38-->src\main\AndroidManifest.xml:20:9-35
39        android:appComponentFactory="androidx.core.app.CoreComponentFactory"
39-->[androidx.core:core:1.13.1] AndroidManifest.xml:28:18-86
40        android:debuggable="true"
41        android:extractNativeLibs="false"
42        android:hardwareAccelerated="true"
42-->src\main\AndroidManifest.xml:27:9-43
43        android:icon="@mipmap/ic_launcher"
43-->src\main\AndroidManifest.xml:21:9-43
44        android:label="@string/app_name"
44-->src\main\AndroidManifest.xml:22:9-41
45        android:networkSecurityConfig="@xml/network_security_config"
45-->src\main\AndroidManifest.xml:26:9-69
46        android:roundIcon="@mipmap/ic_launcher"
46-->src\main\AndroidManifest.xml:23:9-48
47        android:supportsRtl="true"
47-->src\main\AndroidManifest.xml:24:9-35
48        android:theme="@style/Theme.Selene"
48-->src\main\AndroidManifest.xml:25:9-44
49        android:usesCleartextTraffic="true" >
49-->src\main\AndroidManifest.xml:28:9-44
50        <activity
50-->src\main\AndroidManifest.xml:30:9-40:20
51            android:name="com.selene.android.MainActivity"
51-->src\main\AndroidManifest.xml:31:13-41
52            android:configChanges="orientation|screenSize|keyboardHidden"
52-->src\main\AndroidManifest.xml:33:13-74
53            android:exported="true"
53-->src\main\AndroidManifest.xml:32:13-36
54            android:screenOrientation="portrait"
54-->src\main\AndroidManifest.xml:34:13-49
55            android:windowSoftInputMode="adjustResize" >
55-->src\main\AndroidManifest.xml:35:13-55
56            <intent-filter>
56-->src\main\AndroidManifest.xml:36:13-39:29
57                <action android:name="android.intent.action.MAIN" />
57-->src\main\AndroidManifest.xml:37:17-69
57-->src\main\AndroidManifest.xml:37:25-66
58
59                <category android:name="android.intent.category.LAUNCHER" />
59-->src\main\AndroidManifest.xml:38:17-77
59-->src\main\AndroidManifest.xml:38:27-74
60            </intent-filter>
61        </activity>
62
63        <provider
63-->[androidx.emoji2:emoji2:1.3.0] AndroidManifest.xml:24:9-32:20
64            android:name="androidx.startup.InitializationProvider"
64-->[androidx.emoji2:emoji2:1.3.0] AndroidManifest.xml:25:13-67
65            android:authorities="com.selene.android.debug.androidx-startup"
65-->[androidx.emoji2:emoji2:1.3.0] AndroidManifest.xml:26:13-68
66            android:exported="false" >
66-->[androidx.emoji2:emoji2:1.3.0] AndroidManifest.xml:27:13-37
67            <meta-data
67-->[androidx.emoji2:emoji2:1.3.0] AndroidManifest.xml:29:13-31:52
68                android:name="androidx.emoji2.text.EmojiCompatInitializer"
68-->[androidx.emoji2:emoji2:1.3.0] AndroidManifest.xml:30:17-75
69                android:value="androidx.startup" />
69-->[androidx.emoji2:emoji2:1.3.0] AndroidManifest.xml:31:17-49
70            <meta-data
70-->[androidx.lifecycle:lifecycle-process:2.6.2] AndroidManifest.xml:29:13-31:52
71                android:name="androidx.lifecycle.ProcessLifecycleInitializer"
71-->[androidx.lifecycle:lifecycle-process:2.6.2] AndroidManifest.xml:30:17-78
72                android:value="androidx.startup" />
72-->[androidx.lifecycle:lifecycle-process:2.6.2] AndroidManifest.xml:31:17-49
73            <meta-data
73-->[androidx.profileinstaller:profileinstaller:1.4.0] AndroidManifest.xml:29:13-31:52
74                android:name="androidx.profileinstaller.ProfileInstallerInitializer"
74-->[androidx.profileinstaller:profileinstaller:1.4.0] AndroidManifest.xml:30:17-85
75                android:value="androidx.startup" />
75-->[androidx.profileinstaller:profileinstaller:1.4.0] AndroidManifest.xml:31:17-49
76        </provider>
77
78        <receiver
78-->[androidx.profileinstaller:profileinstaller:1.4.0] AndroidManifest.xml:34:9-52:20
79            android:name="androidx.profileinstaller.ProfileInstallReceiver"
79-->[androidx.profileinstaller:profileinstaller:1.4.0] AndroidManifest.xml:35:13-76
80            android:directBootAware="false"
80-->[androidx.profileinstaller:profileinstaller:1.4.0] AndroidManifest.xml:36:13-44
81            android:enabled="true"
81-->[androidx.profileinstaller:profileinstaller:1.4.0] AndroidManifest.xml:37:13-35
82            android:exported="true"
82-->[androidx.profileinstaller:profileinstaller:1.4.0] AndroidManifest.xml:38:13-36
83            android:permission="android.permission.DUMP" >
83-->[androidx.profileinstaller:profileinstaller:1.4.0] AndroidManifest.xml:39:13-57
84            <intent-filter>
84-->[androidx.profileinstaller:profileinstaller:1.4.0] AndroidManifest.xml:40:13-42:29
85                <action android:name="androidx.profileinstaller.action.INSTALL_PROFILE" />
85-->[androidx.profileinstaller:profileinstaller:1.4.0] AndroidManifest.xml:41:17-91
85-->[androidx.profileinstaller:profileinstaller:1.4.0] AndroidManifest.xml:41:25-88
86            </intent-filter>
87            <intent-filter>
87-->[androidx.profileinstaller:profileinstaller:1.4.0] AndroidManifest.xml:43:13-45:29
88                <action android:name="androidx.profileinstaller.action.SKIP_FILE" />
88-->[androidx.profileinstaller:profileinstaller:1.4.0] AndroidManifest.xml:44:17-85
88-->[androidx.profileinstaller:profileinstaller:1.4.0] AndroidManifest.xml:44:25-82
89            </intent-filter>
90            <intent-filter>
90-->[androidx.profileinstaller:profileinstaller:1.4.0] AndroidManifest.xml:46:13-48:29
91                <action android:name="androidx.profileinstaller.action.SAVE_PROFILE" />
91-->[androidx.profileinstaller:profileinstaller:1.4.0] AndroidManifest.xml:47:17-88
91-->[androidx.profileinstaller:profileinstaller:1.4.0] AndroidManifest.xml:47:25-85
92            </intent-filter>
93            <intent-filter>
93-->[androidx.profileinstaller:profileinstaller:1.4.0] AndroidManifest.xml:49:13-51:29
94                <action android:name="androidx.profileinstaller.action.BENCHMARK_OPERATION" />
94-->[androidx.profileinstaller:profileinstaller:1.4.0] AndroidManifest.xml:50:17-95
94-->[androidx.profileinstaller:profileinstaller:1.4.0] AndroidManifest.xml:50:25-92
95            </intent-filter>
96        </receiver>
97    </application>
98
99</manifest>